kotlin version: 2.3.10
error message: Incremental compilation failed: The following FqNames can't be derived from DirtyData.dirtyLookupSymbols: com.chromadmx.networking.model.DmxNode.
DirtyData = DirtyData(dirtyLookupSymbols=[LookupSymbol(name=serializer, scope=com.chromadmx.networking.model.DmxNode.Companion), LookupSymbol(name=DEFAULT_TIMEOUT_MS, scope=com.chromadmx.networking.model.DmxNode.Companion), LookupSymbol(name=<SAM-CONSTRUCTOR>, scope=com.chromadmx.networking.model.DmxNode.Companion), LookupSymbol(name=<SAM-CONSTRUCTOR>, scope=com.chromadmx.networking.model.DmxNode), LookupSymbol(name=<SAM-CONSTRUCTOR>, scope=com.chromadmx.networking.discovery), LookupSymbol(name=Companion, scope=com.chromadmx.networking.model.DmxNode), LookupSymbol(name=LOST_TIMEOUT_MS, scope=com.chromadmx.networking.model.DmxNode.Companion), LookupSymbol(name=currentTimeMillis, scope=com.chromadmx.networking.discovery), LookupSymbol(name=DEGRADED_TIMEOUT_MS, scope=com.chromadmx.networking.model.DmxNode.Companion), LookupSymbol(name=LATENCY_THRESHOLD_MS, scope=com.chromadmx.networking.model.DmxNode.Companion), LookupSymbol(name=getHealthStatus, scope=com.chromadmx.networking.model.DmxNode.Companion)], dirtyClassesFqNames=[com.chromadmx.networking.discovery, com.chromadmx.networking.model.DmxNode, com.chromadmx.networking.model.DmxNode.Companion], dirtyClassesFqNamesForceRecompile=[])
java.lang.IllegalStateException: The following FqNames can't be derived from DirtyData.dirtyLookupSymbols: com.chromadmx.networking.model.DmxNode.
DirtyData = DirtyData(dirtyLookupSymbols=[LookupSymbol(name=serializer, scope=com.chromadmx.networking.model.DmxNode.Companion), LookupSymbol(name=DEFAULT_TIMEOUT_MS, scope=com.chromadmx.networking.model.DmxNode.Companion), LookupSymbol(name=<SAM-CONSTRUCTOR>, scope=com.chromadmx.networking.model.DmxNode.Companion), LookupSymbol(name=<SAM-CONSTRUCTOR>, scope=com.chromadmx.networking.model.DmxNode), LookupSymbol(name=<SAM-CONSTRUCTOR>, scope=com.chromadmx.networking.discovery), LookupSymbol(name=Companion, scope=com.chromadmx.networking.model.DmxNode), LookupSymbol(name=LOST_TIMEOUT_MS, scope=com.chromadmx.networking.model.DmxNode.Companion), LookupSymbol(name=currentTimeMillis, scope=com.chromadmx.networking.discovery), LookupSymbol(name=DEGRADED_TIMEOUT_MS, scope=com.chromadmx.networking.model.DmxNode.Companion), LookupSymbol(name=LATENCY_THRESHOLD_MS, scope=com.chromadmx.networking.model.DmxNode.Companion), LookupSymbol(name=getHealthStatus, scope=com.chromadmx.networking.model.DmxNode.Companion)], dirtyClassesFqNames=[com.chromadmx.networking.discovery, com.chromadmx.networking.model.DmxNode, com.chromadmx.networking.model.DmxNode.Companion], dirtyClassesFqNamesForceRecompile=[])
	at org.jetbrains.kotlin.incremental.classpathDiff.ClasspathChangesComputer.toProgramSymbols(ClasspathChangesComputer.kt:364)
	at org.jetbrains.kotlin.incremental.classpathDiff.ClasspathChangesComputer.computeFineGrainedKotlinClassChanges(ClasspathChangesComputer.kt:264)
	at org.jetbrains.kotlin.incremental.classpathDiff.ClasspathChangesComputer.computeKotlinClassChanges(ClasspathChangesComputer.kt:164)
	at org.jetbrains.kotlin.incremental.classpathDiff.ClasspathChangesComputer.computeClassChanges(ClasspathChangesComputer.kt:137)
	at org.jetbrains.kotlin.incremental.classpathDiff.ClasspathChangesComputer.computeChangedAndImpactedSet(ClasspathChangesComputer.kt:87)
	at org.jetbrains.kotlin.incremental.classpathDiff.ClasspathChangesComputer.computeClasspathChanges(ClasspathChangesComputer.kt:55)
	at org.jetbrains.kotlin.incremental.dirtyFiles.ClasspathSnapshotBasedImpactDeterminer.determineChangedAndImpactedSymbols(ClasspathSnapshotBasedImpactDeterminer.kt:42)
	at org.jetbrains.kotlin.incremental.dirtyFiles.JvmSourcesToCompileCalculator.calculateSourcesToCompileImpl(JvmSourcesToCompileCalculator.kt:41)
	at org.jetbrains.kotlin.incremental.dirtyFiles.JvmSourcesToCompileCalculator.calculateWithClasspathSnapshot(JvmSourcesToCompileCalculator.kt:97)
	at org.jetbrains.kotlin.incremental.IncrementalJvmCompilerRunner.calculateSourcesToCompile(IncrementalJvmCompilerRunner.kt:60)
	at org.jetbrains.kotlin.incremental.IncrementalJvmCompilerRunner.calculateSourcesToCompile(IncrementalJvmCompilerRunner.kt:23)
	at org.jetbrains.kotlin.incremental.IncrementalCompilerRunner.tryCompileIncrementally$lambda$0$compile(IncrementalCompilerRunner.kt:225)
	at org.jetbrains.kotlin.incremental.IncrementalCompilerRunner.tryCompileIncrementally(IncrementalCompilerRunner.kt:267)
	at org.jetbrains.kotlin.incremental.IncrementalCompilerRunner.compile(IncrementalCompilerRunner.kt:119)
	at org.jetbrains.kotlin.daemon.CompileServiceImplBase.execIncrementalCompiler(CompileServiceImpl.kt:684)
	at org.jetbrains.kotlin.daemon.CompileServiceImplBase.access$execIncrementalCompiler(CompileServiceImpl.kt:94)
	at org.jetbrains.kotlin.daemon.CompileServiceImpl.compile(CompileServiceImpl.kt:1810)
	at java.base/jdk.internal.reflect.DirectMethodHandleAccessor.invoke(DirectMethodHandleAccessor.java:103)
	at java.base/java.lang.reflect.Method.invoke(Method.java:580)
	at java.rmi/sun.rmi.server.UnicastServerRef.dispatch(UnicastServerRef.java:360)
	at java.rmi/sun.rmi.transport.Transport$1.run(Transport.java:200)
	at java.rmi/sun.rmi.transport.Transport$1.run(Transport.java:197)
	at java.base/java.security.AccessController.doPrivileged(AccessController.java:714)
	at java.rmi/sun.rmi.transport.Transport.serviceCall(Transport.java:196)
	at java.rmi/sun.rmi.transport.tcp.TCPTransport.handleMessages(TCPTransport.java:598)
	at java.rmi/sun.rmi.transport.tcp.TCPTransport$ConnectionHandler.run0(TCPTransport.java:844)
	at java.rmi/sun.rmi.transport.tcp.TCPTransport$ConnectionHandler.lambda$run$0(TCPTransport.java:721)
	at java.base/java.security.AccessController.doPrivileged(AccessController.java:400)
	at java.rmi/sun.rmi.transport.tcp.TCPTransport$ConnectionHandler.run(TCPTransport.java:720)
	at java.base/java.util.concurrent.ThreadPoolExecutor.runWorker(ThreadPoolExecutor.java:1144)
	at java.base/java.util.concurrent.ThreadPoolExecutor$Worker.run(ThreadPoolExecutor.java:642)
	at java.base/java.lang.Thread.run(Thread.java:1583)
